[37mDEBUG[0m[0000] DEBUGCORElibbox.Setup success ./tmp ./ ./tmp true
DEBUG CORE libbox.Setup success ./tmp ./ ./tmp true
[37mDEBUG[0m[0000] DEBUGCOREStartGrpcServerByMode 127.0.0.1:17078 3
DEBUG CORE StartGrpcServerByMode 127.0.0.1:17078 3

[37mDEBUG[0m[0000] DEBUGCOREgrpcServer started on 127.0.0.1:17078
DEBUG CORE grpcServer started on 127.0.0.1:17078

2025/10/11 18:39:17 Server listening on 127.0.0.1:17078
[37mDEBUG[0m[0000] WARNINGCOREgrpcServer already started
WARNING CORE grpcServer already started
[37mDEBUG[0m[0000] INFOCORESTARTING: 
INFO CORE STARTING: 
[37mDEBUG[0m[0000] DEBUGCOREBuilding Config...
DEBUG CORE Building Config...
[37mDEBUG[0m[0000] DEBUGCOREParsing Config... 
DEBUG CORE Parsing Config... 
[37mDEBUG[0m[0000] DEBUGCOREParsed
DEBUG CORE Parsed
[37mDEBUG[0m[0000] DEBUGCOREMain Service pre start
DEBUG CORE Main Service pre start
[37mDEBUG[0m[0000] DEBUGCORESaving config to data/current-config.json
DEBUG CORE Saving config to data/current-config.json
[37mDEBUG[0m[0000] DEBUGCORECurrent Config is:
{
  "log": {
    "level": "warn"
  },
  "dns": {
    "servers": [
      {
        "tag": "dns-remote",
        "address": "udp://1.1.1.1",
        "address_resolver": "dns-direct",
        "detour": "select"
      },
      {
        "tag": "dns-trick-direct",
        "address": "https://dns.cloudflare.com/dns-query",
        "address_resolver": "dns-direct",
        "detour": "direct-fragment §hide§"
      },
      {
        "tag": "dns-direct",
        "address": "1.1.1.1",
        "address_resolver": "dns-local",
        "detour": "direct-fragment §hide§"
      },
      {
        "tag": "dns-local",
        "address": "local",
        "detour": "direct §hide§"
      },
      {
        "tag": "dns-block",
        "address": "rcode://success"
      }
    ],
    "rules": [
      {
        "domain": "cp.cloudflare.com",
        "server": "dns-remote",
        "rewrite_ttl": 30000
      },
      {
        "domain": "time.apple.com",
        "server": "dns-direct",
        "rewrite_ttl": 30000
      },
      {
        "rule_set": [
          "geosite-ads",
          "geosite-malware",
          "geosite-phishing",
          "geosite-cryptominers"
        ],
        "server": "dns-block"
      },
      {
        "domain_suffix": ".ru",
        "server": "dns-direct"
      },
      {
        "rule_set": "geosite-ru",
        "server": "dns-direct"
      }
    ],
    "final": "dns-remote",
    "static_ips": {
      "api.ip.sb": [
        "www.speedtest.net",
        "cloudflare.com"
      ],
      "api.my-ip.io": [
        "api.my-ip.io"
      ],
      "dns.cloudflare.com": [
        "www.speedtest.net",
        "cloudflare.com"
      ],
      "freeipapi.com": [
        "www.speedtest.net",
        "cloudflare.com"
      ],
      "ip-api.com": [
        "ip-api.com"
      ],
      "ipapi.co": [
        "www.speedtest.net",
        "cloudflare.com"
      ],
      "ipinfo.io": [
        "ipinfo.io"
      ],
      "ipwho.is": [
        "ipwho.is"
      ],
      "myip.expert": [
        "myip.expert"
      ],
      "reallyfreegeoip.org": [
        "www.speedtest.net",
        "cloudflare.com"
      ],
      "time.apple.com": [
        "time.g.aaplimg.com",
        "time.apple.com"
      ]
    },
    "independent_cache": true
  },
  "ntp": {
    "enabled": true,
    "interval": "12h0m0s",
    "server": "time.apple.com",
    "server_port": 123,
    "tls_fragment": {}
  },
  "inbounds": [
    {
      "type": "mixed",
      "tag": "mixed-in",
      "listen": "127.0.0.1",
      "listen_port": 12334,
      "sniff": true,
      "sniff_override_destination": true,
      "domain_strategy": "ipv4_only",
      "set_system_proxy": true
    },
    {
      "type": "direct",
      "tag": "dns-in",
      "listen": "127.0.0.1",
      "listen_port": 16450
    }
  ],
  "outbounds": [
    {
      "type": "selector",
      "tag": "select",
      "outbounds": [
        "auto",
        "🇸🇨 SC-01 (u1072951s3813931p69)",
        "🇫🇷 FR-01 (u1072951s3813931p69)",
        "🇹🇷 TR-01 (u1072951s3813931p69) [vless - tcp]",
        "🇮🇳 IN-01 (u1072951s3813931p69) [vless - tcp]",
        "🇵🇰 PK-01 (u1072951s3813931p69)\t"
      ],
      "default": "auto",
      "interrupt_exist_connections": true
    },
    {
      "type": "urltest",
      "tag": "auto",
      "outbounds": [
        "🇸🇨 SC-01 (u1072951s3813931p69)",
        "🇫🇷 FR-01 (u1072951s3813931p69)",
        "🇹🇷 TR-01 (u1072951s3813931p69) [vless - tcp]",
        "🇮🇳 IN-01 (u1072951s3813931p69) [vless - tcp]",
        "🇵🇰 PK-01 (u1072951s3813931p69)\t"
      ],
      "url": "http://cp.cloudflare.com",
      "urls": [
        "http://cp.cloudflare.com",
        "http://captive.apple.com/generate_204",
        "https://cp.cloudflare.com",
        "https://google.com/generate_204"
      ],
      "interval": "10m0s",
      "tolerance": 1,
      "idle_timeout": "30m0s",
      "interrupt_exist_connections": true
    },
    {
      "type": "vless",
      "tag": "🇸🇨 SC-01 (u1072951s3813931p69)",
      "server": "146.19.90.2",
      "server_port": 443,
      "uuid": "d0af263e-38c9-b957-d242-c052c1b83168",
      "flow": "xtls-rprx-vision",
      "tls": {
        "enabled": true,
        "server_name": "speed.cloudflare.com",
        "utls": {
          "enabled": true,
          "fingerprint": "chrome"
        },
        "reality": {
          "enabled": true,
          "public_key": "oE7ZEghzkaOUiw1q3PqBtpllP1NlPHLY8ydJRuICtko"
        }
      }
    },
    {
      "type": "vless",
      "tag": "🇫🇷 FR-01 (u1072951s3813931p69)",
      "server": "178.20.215.2",
      "server_port": 443,
      "uuid": "d0af263e-38c9-b957-d242-c052c1b83168",
      "flow": "xtls-rprx-vision",
      "tls": {
        "enabled": true,
        "server_name": "speed.cloudflare.com",
        "utls": {
          "enabled": true,
          "fingerprint": "chrome"
        },
        "reality": {
          "enabled": true,
          "public_key": "GfTzhy59k9CXlAdF819OUVeBdrqIILaDIWa1bddjGnA"
        }
      }
    },
    {
      "type": "vless",
      "tag": "🇹🇷 TR-01 (u1072951s3813931p69) [vless - tcp]",
      "server": "213.232.120.2",
      "server_port": 443,
      "uuid": "d0af263e-38c9-b957-d242-c052c1b83168",
      "flow": "xtls-rprx-vision",
      "tls": {
        "enabled": true,
        "server_name": "speed.cloudflare.com",
        "utls": {
          "enabled": true,
          "fingerprint": "chrome"
        },
        "reality": {
          "enabled": true,
          "public_key": "6h7z2IG6_BopO2tGTRAytfMOWbcXxRWghb2c9IILJkA"
        }
      }
    },
    {
      "type": "vless",
      "tag": "🇮🇳 IN-01 (u1072951s3813931p69) [vless - tcp]",
      "server": "5.181.171.2",
      "server_port": 443,
      "uuid": "d0af263e-38c9-b957-d242-c052c1b83168",
      "flow": "xtls-rprx-vision",
      "tls": {
        "enabled": true,
        "server_name": "speed.cloudflare.com",
        "utls": {
          "enabled": true,
          "fingerprint": "chrome"
        },
        "reality": {
          "enabled": true,
          "public_key": "YNGotlyAx3ELUmi4lxOUjiEDmibqf1pPUTE9o3YYT2Y"
        }
      }
    },
    {
      "type": "vless",
      "tag": "🇵🇰 PK-01 (u1072951s3813931p69)\t",
      "server": "103.175.79.2",
      "server_port": 443,
      "uuid": "d0af263e-38c9-b957-d242-c052c1b83168",
      "flow": "xtls-rprx-vision",
      "tls": {
        "enabled": true,
        "server_name": "speed.cloudflare.com",
        "utls": {
          "enabled": true,
          "fingerprint": "chrome"
        },
        "reality": {
          "enabled": true,
          "public_key": "4e-unF1RO2v--E7-X3aqxnCSPaK9QaTfJ7LawAr2bRI"
        }
      }
    },
    {
      "type": "dns",
      "tag": "dns-out §hide§"
    },
    {
      "type": "direct",
      "tag": "direct §hide§"
    },
    {
      "type": "direct",
      "tag": "direct-fragment §hide§",
      "tls_fragment": {
        "enabled": true,
        "size": "10-30",
        "sleep": "2-8"
      }
    },
    {
      "type": "direct",
      "tag": "bypass §hide§"
    },
    {
      "type": "block",
      "tag": "block §hide§"
    }
  ],
  "route": {
    "rules": [
      {
        "inbound": "dns-in",
        "outbound": "dns-out §hide§"
      },
      {
        "port": 53,
        "outbound": "dns-out §hide§"
      },
      {
        "ip_cidr": "10.10.34.0/24",
        "outbound": "select"
      },
      {
        "ip_is_private": true,
        "outbound": "bypass §hide§"
      },
      {
        "domain": "time.apple.com",
        "outbound": "direct §hide§"
      },
      {
        "rule_set": [
          "geosite-ads",
          "geosite-malware",
          "geosite-phishing",
          "geosite-cryptominers",
          "geoip-malware",
          "geoip-phishing"
        ],
        "outbound": "block §hide§"
      },
      {
        "domain_suffix": ".ru",
        "outbound": "direct §hide§"
      },
      {
        "rule_set": [
          "geoip-ru",
          "geosite-ru"
        ],
        "outbound": "direct §hide§"
      }
    ],
    "rule_set": [
      {
        "type": "remote",
        "tag": "geosite-ads",
        "format": "binary",
        "url": "https://raw.githubusercontent.com/hiddify/hiddify-geo/rule-set/block/geosite-category-ads-all.srs",
        "update_interval": "120h0m0s"
      },
      {
        "type": "remote",
        "tag": "geosite-malware",
        "format": "binary",
        "url": "https://raw.githubusercontent.com/hiddify/hiddify-geo/rule-set/block/geosite-malware.srs",
        "update_interval": "120h0m0s"
      },
      {
        "type": "remote",
        "tag": "geosite-phishing",
        "format": "binary",
        "url": "https://raw.githubusercontent.com/hiddify/hiddify-geo/rule-set/block/geosite-phishing.srs",
        "update_interval": "120h0m0s"
      },
      {
        "type": "remote",
        "tag": "geosite-cryptominers",
        "format": "binary",
        "url": "https://raw.githubusercontent.com/hiddify/hiddify-geo/rule-set/block/geosite-cryptominers.srs",
        "update_interval": "120h0m0s"
      },
      {
        "type": "remote",
        "tag": "geoip-phishing",
        "format": "binary",
        "url": "https://raw.githubusercontent.com/hiddify/hiddify-geo/rule-set/block/geoip-phishing.srs",
        "update_interval": "120h0m0s"
      },
      {
        "type": "remote",
        "tag": "geoip-malware",
        "format": "binary",
        "url": "https://raw.githubusercontent.com/hiddify/hiddify-geo/rule-set/block/geoip-malware.srs",
        "update_interval": "120h0m0s"
      },
      {
        "type": "remote",
        "tag": "geoip-ru",
        "format": "binary",
        "url": "https://raw.githubusercontent.com/hiddify/hiddify-geo/rule-set/country/geoip-ru.srs",
        "update_interval": "120h0m0s"
      },
      {
        "type": "remote",
        "tag": "geosite-ru",
        "format": "binary",
        "url": "https://raw.githubusercontent.com/hiddify/hiddify-geo/rule-set/country/geosite-ru.srs",
        "update_interval": "120h0m0s"
      }
    ],
    "final": "select",
    "auto_detect_interface": true,
    "override_android_vpn": true
  },
  "experimental": {
    "clash_api": {
      "external_controller": "127.0.0.1:16756",
      "external_ui": "webui"
    }
  }
}
DEBUG CORE Current Config is:
{
  "log": {
    "level": "warn"
  },
  "dns": {
    "servers": [
      {
        "tag": "dns-remote",
        "address": "udp://1.1.1.1",
        "address_resolver": "dns-direct",
        "detour": "select"
      },
      {
        "tag": "dns-trick-direct",
        "address": "https://dns.cloudflare.com/dns-query",
        "address_resolver": "dns-direct",
        "detour": "direct-fragment §hide§"
      },
      {
        "tag": "dns-direct",
        "address": "1.1.1.1",
        "address_resolver": "dns-local",
        "detour": "direct-fragment §hide§"
      },
      {
        "tag": "dns-local",
        "address": "local",
        "detour": "direct §hide§"
      },
      {
        "tag": "dns-block",
        "address": "rcode://success"
      }
    ],
    "rules": [
      {
        "domain": "cp.cloudflare.com",
        "server": "dns-remote",
        "rewrite_ttl": 30000
      },
      {
        "domain": "time.apple.com",
        "server": "dns-direct",
        "rewrite_ttl": 30000
      },
      {
        "rule_set": [
          "geosite-ads",
          "geosite-malware",
          "geosite-phishing",
          "geosite-cryptominers"
        ],
        "server": "dns-block"
      },
      {
        "domain_suffix": ".ru",
        "server": "dns-direct"
      },
      {
        "rule_set": "geosite-ru",
        "server": "dns-direct"
      }
    ],
    "final": "dns-remote",
    "static_ips": {
      "api.ip.sb": [
        "www.speedtest.net",
        "cloudflare.com"
      ],
      "api.my-ip.io": [
        "api.my-ip.io"
      ],
      "dns.cloudflare.com": [
        "www.speedtest.net",
        "cloudflare.com"
      ],
      "freeipapi.com": [
        "www.speedtest.net",
        "cloudflare.com"
      ],
      "ip-api.com": [
        "ip-api.com"
      ],
      "ipapi.co": [
        "www.speedtest.net",
        "cloudflare.com"
      ],
      "ipinfo.io": [
        "ipinfo.io"
      ],
      "ipwho.is": [
        "ipwho.is"
      ],
      "myip.expert": [
        "myip.expert"
      ],
      "reallyfreegeoip.org": [
        "www.speedtest.net",
        "cloudflare.com"
      ],
      "time.apple.com": [
        "time.g.aaplimg.com",
        "time.apple.com"
      ]
    },
    "independent_cache": true
  },
  "ntp": {
    "enabled": true,
    "interval": "12h0m0s",
    "server": "time.apple.com",
    "server_port": 123,
    "tls_fragment": {}
  },
  "inbounds": [
    {
      "type": "mixed",
      "tag": "mixed-in",
      "listen": "127.0.0.1",
      "listen_port": 12334,
      "sniff": true,
      "sniff_override_destination": true,
      "domain_strategy": "ipv4_only",
      "set_system_proxy": true
    },
    {
      "type": "direct",
      "tag": "dns-in",
      "listen": "127.0.0.1",
      "listen_port": 16450
    }
  ],
  "outbounds": [
    {
      "type": "selector",
      "tag": "select",
      "outbounds": [
        "auto",
        "🇸🇨 SC-01 (u1072951s3813931p69)",
        "🇫🇷 FR-01 (u1072951s3813931p69)",
        "🇹🇷 TR-01 (u1072951s3813931p69) [vless - tcp]",
        "🇮🇳 IN-01 (u1072951s3813931p69) [vless - tcp]",
        "🇵🇰 PK-01 (u1072951s3813931p69)\t"
      ],
      "default": "auto",
      "interrupt_exist_connections": true
    },
    {
      "type": "urltest",
      "tag": "auto",
      "outbounds": [
        "🇸🇨 SC-01 (u1072951s3813931p69)",
        "🇫🇷 FR-01 (u1072951s3813931p69)",
        "🇹🇷 TR-01 (u1072951s3813931p69) [vless - tcp]",
        "🇮🇳 IN-01 (u1072951s3813931p69) [vless - tcp]",
        "🇵🇰 PK-01 (u1072951s3813931p69)\t"
      ],
      "url": "http://cp.cloudflare.com",
      "urls": [
        "http://cp.cloudflare.com",
        "http://captive.apple.com/generate_204",
        "https://cp.cloudflare.com",
        "https://google.com/generate_204"
      ],
      "interval": "10m0s",
      "tolerance": 1,
      "idle_timeout": "30m0s",
      "interrupt_exist_connections": true
    },
    {
      "type": "vless",
      "tag": "🇸🇨 SC-01 (u1072951s3813931p69)",
      "server": "146.19.90.2",
      "server_port": 443,
      "uuid": "d0af263e-38c9-b957-d242-c052c1b83168",
      "flow": "xtls-rprx-vision",
      "tls": {
        "enabled": true,
        "server_name": "speed.cloudflare.com",
        "utls": {
          "enabled": true,
          "fingerprint": "chrome"
        },
        "reality": {
          "enabled": true,
          "public_key": "oE7ZEghzkaOUiw1q3PqBtpllP1NlPHLY8ydJRuICtko"
        }
      }
    },
    {
      "type": "vless",
      "tag": "🇫🇷 FR-01 (u1072951s3813931p69)",
      "server": "178.20.215.2",
      "server_port": 443,
      "uuid": "d0af263e-38c9-b957-d242-c052c1b83168",
      "flow": "xtls-rprx-vision",
      "tls": {
        "enabled": true,
        "server_name": "speed.cloudflare.com",
        "utls": {
          "enabled": true,
          "fingerprint": "chrome"
        },
        "reality": {
          "enabled": true,
          "public_key": "GfTzhy59k9CXlAdF819OUVeBdrqIILaDIWa1bddjGnA"
        }
      }
    },
    {
      "type": "vless",
      "tag": "🇹🇷 TR-01 (u1072951s3813931p69) [vless - tcp]",
      "server": "213.232.120.2",
      "server_port": 443,
      "uuid": "d0af263e-38c9-b957-d242-c052c1b83168",
      "flow": "xtls-rprx-vision",
      "tls": {
        "enabled": true,
        "server_name": "speed.cloudflare.com",
        "utls": {
          "enabled": true,
          "fingerprint": "chrome"
        },
        "reality": {
          "enabled": true,
          "public_key": "6h7z2IG6_BopO2tGTRAytfMOWbcXxRWghb2c9IILJkA"
        }
      }
    },
    {
      "type": "vless",
      "tag": "🇮🇳 IN-01 (u1072951s3813931p69) [vless - tcp]",
      "server": "5.181.171.2",
      "server_port": 443,
      "uuid": "d0af263e-38c9-b957-d242-c052c1b83168",
      "flow": "xtls-rprx-vision",
      "tls": {
        "enabled": true,
        "server_name": "speed.cloudflare.com",
        "utls": {
          "enabled": true,
          "fingerprint": "chrome"
        },
        "reality": {
          "enabled": true,
          "public_key": "YNGotlyAx3ELUmi4lxOUjiEDmibqf1pPUTE9o3YYT2Y"
        }
      }
    },
    {
      "type": "vless",
      "tag": "🇵🇰 PK-01 (u1072951s3813931p69)\t",
      "server": "103.175.79.2",
      "server_port": 443,
      "uuid": "d0af263e-38c9-b957-d242-c052c1b83168",
      "flow": "xtls-rprx-vision",
      "tls": {
        "enabled": true,
        "server_name": "speed.cloudflare.com",
        "utls": {
          "enabled": true,
          "fingerprint": "chrome"
        },
        "reality": {
          "enabled": true,
          "public_key": "4e-unF1RO2v--E7-X3aqxnCSPaK9QaTfJ7LawAr2bRI"
        }
      }
    },
    {
      "type": "dns",
      "tag": "dns-out §hide§"
    },
    {
      "type": "direct",
      "tag": "direct §hide§"
    },
    {
      "type": "direct",
      "tag": "direct-fragment §hide§",
      "tls_fragment": {
        "enabled": true,
        "size": "10-30",
        "sleep": "2-8"
      }
    },
    {
      "type": "direct",
      "tag": "bypass §hide§"
    },
    {
      "type": "block",
      "tag": "block §hide§"
    }
  ],
  "route": {
    "rules": [
      {
        "inbound": "dns-in",
        "outbound": "dns-out §hide§"
      },
      {
        "port": 53,
        "outbound": "dns-out §hide§"
      },
      {
        "ip_cidr": "10.10.34.0/24",
        "outbound": "select"
      },
      {
        "ip_is_private": true,
        "outbound": "bypass §hide§"
      },
      {
        "domain": "time.apple.com",
        "outbound": "direct §hide§"
      },
      {
        "rule_set": [
          "geosite-ads",
          "geosite-malware",
          "geosite-phishing",
          "geosite-cryptominers",
          "geoip-malware",
          "geoip-phishing"
        ],
        "outbound": "block §hide§"
      },
      {
        "domain_suffix": ".ru",
        "outbound": "direct §hide§"
      },
      {
        "rule_set": [
          "geoip-ru",
          "geosite-ru"
        ],
        "outbound": "direct §hide§"
      }
    ],
    "rule_set": [
      {
        "type": "remote",
        "tag": "geosite-ads",
        "format": "binary",
        "url": "https://raw.githubusercontent.com/hiddify/hiddify-geo/rule-set/block/geosite-category-ads-all.srs",
        "update_interval": "120h0m0s"
      },
      {
        "type": "remote",
        "tag": "geosite-malware",
        "format": "binary",
        "url": "https://raw.githubusercontent.com/hiddify/hiddify-geo/rule-set/block/geosite-malware.srs",
        "update_interval": "120h0m0s"
      },
      {
        "type": "remote",
        "tag": "geosite-phishing",
        "format": "binary",
        "url": "https://raw.githubusercontent.com/hiddify/hiddify-geo/rule-set/block/geosite-phishing.srs",
        "update_interval": "120h0m0s"
      },
      {
        "type": "remote",
        "tag": "geosite-cryptominers",
        "format": "binary",
        "url": "https://raw.githubusercontent.com/hiddify/hiddify-geo/rule-set/block/geosite-cryptominers.srs",
        "update_interval": "120h0m0s"
      },
      {
        "type": "remote",
        "tag": "geoip-phishing",
        "format": "binary",
        "url": "https://raw.githubusercontent.com/hiddify/hiddify-geo/rule-set/block/geoip-phishing.srs",
        "update_interval": "120h0m0s"
      },
      {
        "type": "remote",
        "tag": "geoip-malware",
        "format": "binary",
        "url": "https://raw.githubusercontent.com/hiddify/hiddify-geo/rule-set/block/geoip-malware.srs",
        "update_interval": "120h0m0s"
      },
      {
        "type": "remote",
        "tag": "geoip-ru",
        "format": "binary",
        "url": "https://raw.githubusercontent.com/hiddify/hiddify-geo/rule-set/country/geoip-ru.srs",
        "update_interval": "120h0m0s"
      },
      {
        "type": "remote",
        "tag": "geosite-ru",
        "format": "binary",
        "url": "https://raw.githubusercontent.com/hiddify/hiddify-geo/rule-set/country/geosite-ru.srs",
        "update_interval": "120h0m0s"
      }
    ],
    "final": "select",
    "auto_detect_interface": true,
    "override_android_vpn": true
  },
  "experimental": {
    "clash_api": {
      "external_controller": "127.0.0.1:16756",
      "external_ui": "webui"
    }
  }
}
[37mDEBUG[0m[0000] DEBUGCOREStating Service with delay ?false
DEBUG CORE Stating Service with delay ?false
